InnoDB: using atomic writes.
2022-08-05 19:12:25 0 [Note] InnoDB: Mutexes and rw_locks use Windows interlocked functions
2022-08-05 19:12:25 0 [Note] InnoDB: Uses event mutexes
2022-08-05 19:12:25 0 [Note] InnoDB: Compressed tables use zlib 1.2.11
2022-08-05 19:12:25 0 [Note] InnoDB: Number of pools: 1
2022-08-05 19:12:25 0 [Note] InnoDB: Using SSE2 crc32 instructions
2022-08-05 19:12:25 0 [Note] InnoDB: Initializing buffer pool, total size = 16M, instances = 1, chunk size = 16M
2022-08-05 19:12:25 0 [Note] InnoDB: Completed initialization of buffer pool
2022-08-05 19:12:25 0 [Note] InnoDB: Starting crash recovery from checkpoint LSN=300288
2022-08-05 19:12:26 0 [Note] InnoDB: 128 out of 128 rollback segments are active.
2022-08-05 19:12:26 0 [Note] InnoDB: Removed temporary tablespace data file: "ibtmp1"
2022-08-05 19:12:26 0 [Note] InnoDB: Creating shared tablespace for temporary tables
2022-08-05 19:12:26 0 [Note] InnoDB: Setting file 'D:\github\php_xampp\xampp\mysql\data\ibtmp1' size to 12 MB. Physically writing the file full; Please wait ...
2022-08-05 19:12:26 0 [Note] InnoDB: File 'D:\github\php_xampp\xampp\mysql\data\ibtmp1' size is now 12 MB.
2022-08-05 19:12:26 0 [Note] InnoDB: Waiting for purge to start
2022-08-05 19:12:26 0 [Note] InnoDB: 10.4.10 started; log sequence number 300297; transaction id 171
2022-08-05 19:12:26 0 [Note] InnoDB: Loading buffer pool(s) from D:\github\php_xampp\xampp\mysql\data\ib_buffer_pool
2022-08-05 19:12:26 0 [Note] Plugin 'FEEDBACK' is disabled.
2022-08-05 19:12:26 0 [Note] Server socket created on IP: '::'.
InnoDB: using atomic writes.
2022-08-05 19:21:33 0 [ERROR] InnoDB: The innodb_system data file 'ibdata1' must be writable
2022-08-05 19:21:33 0 [ERROR] InnoDB: The innodb_system data file 'ibdata1' must be writable
2022-08-05 19:21:33 0 [ERROR] Plugin 'InnoDB' init function returned error.
2022-08-05 19:21:33 0 [ERROR] Plugin 'InnoDB' registration as a STORAGE ENGINE failed.
2022-08-05 19:21:33 0 [Note] Plugin 'FEEDBACK' is disabled.
2022-08-05 19:21:33 0 [ERROR] Unknown/unsupported storage engine: InnoDB
2022-08-05 19:21:33 0 [ERROR] Aborting
InnoDB: using atomic writes.
2022-08-09 19:53:29 0 [Note] InnoDB: Mutexes and rw_locks use Windows interlocked functions
2022-08-09 19:53:29 0 [Note] InnoDB: Uses event mutexes
2022-08-09 19:53:29 0 [Note] InnoDB: Compressed tables use zlib 1.2.11
2022-08-09 19:53:29 0 [Note] InnoDB: Number of pools: 1
2022-08-09 19:53:29 0 [Note] InnoDB: Using SSE2 crc32 instructions
2022-08-09 19:53:29 0 [Note] InnoDB: Initializing buffer pool, total size = 16M, instances = 1, chunk size = 16M
2022-08-09 19:53:29 0 [Note] InnoDB: Completed initialization of buffer pool
2022-08-09 19:53:29 0 [Note] InnoDB: Starting crash recovery from checkpoint LSN=19614914
2022-08-09 19:53:30 0 [Note] InnoDB: 128 out of 128 rollback segments are active.
2022-08-09 19:53:30 0 [Note] InnoDB: Removed temporary tablespace data file: "ibtmp1"
2022-08-09 19:53:30 0 [Note] InnoDB: Creating shared tablespace for temporary tables
2022-08-09 19:53:30 0 [Note] InnoDB: Setting file 'D:\github\php_xampp\xampp\mysql\data\ibtmp1' size to 12 MB. Physically writing the file full; Please wait ...
2022-08-09 19:53:30 0 [Note] InnoDB: File 'D:\github\php_xampp\xampp\mysql\data\ibtmp1' size is now 12 MB.
2022-08-09 19:53:30 0 [Note] InnoDB: Waiting for purge to start
2022-08-09 19:53:30 0 [Note] InnoDB: 10.4.10 started; log sequence number 19614923; transaction id 4414
2022-08-09 19:53:30 0 [Note] InnoDB: Loading buffer pool(s) from D:\github\php_xampp\xampp\mysql\data\ib_buffer_pool
2022-08-09 19:53:30 0 [Note] Plugin 'FEEDBACK' is disabled.
2022-08-09 19:53:30 0 [Note] Server socket created on IP: '::'.
