오후 7:05:15  [main] 	Initializing Control Panel
오후 7:05:15  [main] 	Windows Version:  Enterprise  64-bit
오후 7:05:15  [main] 	XAMPP Version: 7.3.12
오후 7:05:15  [main] 	Control Panel Version: 3.2.4  [ Compiled: Jun 5th 2019 ]
오후 7:05:15  [main] 	Running with Administrator rights - good!
오후 7:05:15  [main] 	XAMPP Installation Directory: "d:\github\php_xampp\xampp\"
오후 7:05:15  [main] 	Checking for prerequisites
오후 7:05:15  [main] 	All prerequisites found
오후 7:05:15  [main] 	Initializing Modules
오후 7:05:15  [main] 	Starting Check-Timer
오후 7:05:15  [main] 	Control Panel Ready
오후 7:05:20  [main] 	Deinitializing Modules
오후 7:05:20  [main] 	Deinitializing Control Panel

오후 7:21:44  [main] 	Initializing Control Panel
오후 7:21:44  [main] 	Windows Version:  Enterprise  64-bit
오후 7:21:44  [main] 	XAMPP Version: 7.3.12
오후 7:21:44  [main] 	Control Panel Version: 3.2.4  [ Compiled: Jun 5th 2019 ]
오후 7:21:44  [main] 	You are not running with administrator rights! This will work for
오후 7:21:44  [main] 	most application stuff but whenever you do something with services
오후 7:21:44  [main] 	there will be a security dialogue or things will break! So think 
오후 7:21:44  [main] 	about running this application with administrator rights!
오후 7:21:44  [main] 	XAMPP Installation Directory: "d:\github\php_xampp\xampp\"
오후 7:21:44  [main] 	Checking for prerequisites
오후 7:21:44  [main] 	All prerequisites found
오후 7:21:44  [main] 	Initializing Modules
오후 7:21:44  [Apache] 	Problem detected!
오후 7:21:44  [Apache] 	Port 80 in use by "Unable to open process" with PID 19508!
오후 7:21:44  [Apache] 	Apache WILL NOT start without the configured ports free!
오후 7:21:44  [Apache] 	You need to uninstall/disable/reconfigure the blocking application
오후 7:21:44  [Apache] 	or reconfigure Apache and the Control Panel to listen on a different port
오후 7:21:45  [Apache] 	Problem detected!
오후 7:21:45  [Apache] 	Port 443 in use by "Unable to open process" with PID 19508!
오후 7:21:45  [Apache] 	Apache WILL NOT start without the configured ports free!
오후 7:21:45  [Apache] 	You need to uninstall/disable/reconfigure the blocking application
오후 7:21:45  [Apache] 	or reconfigure Apache and the Control Panel to listen on a different port
오후 7:21:45  [mysql] 	Problem detected!
오후 7:21:45  [mysql] 	Port 3306 in use by "Unable to open process"!
오후 7:21:45  [mysql] 	MySQL WILL NOT start without the configured ports free!
오후 7:21:45  [mysql] 	You need to uninstall/disable/reconfigure the blocking application
오후 7:21:45  [mysql] 	or reconfigure MySQL and the Control Panel to listen on a different port
오후 7:21:45  [main] 	Starting Check-Timer
오후 7:21:45  [main] 	Control Panel Ready
오후 7:21:49  [main] 	Deinitializing Modules
오후 7:21:49  [main] 	Deinitializing Control Panel

오후 7:12:23  [main] 	Initializing Control Panel
오후 7:12:23  [main] 	Windows Version:  Enterprise  64-bit
오후 7:12:23  [main] 	XAMPP Version: 7.3.12
오후 7:12:23  [main] 	Control Panel Version: 3.2.4  [ Compiled: Jun 5th 2019 ]
오후 7:12:23  [main] 	Running with Administrator rights - good!
오후 7:12:23  [main] 	XAMPP Installation Directory: "d:\github\php_xampp\xampp\"
오후 7:12:23  [main] 	Checking for prerequisites
오후 7:12:23  [main] 	All prerequisites found
오후 7:12:23  [main] 	Initializing Modules
오후 7:12:23  [main] 	Starting Check-Timer
오후 7:12:23  [main] 	Control Panel Ready
오후 7:12:25  [mysql] 	Attempting to start MySQL app...
오후 7:12:26  [mysql] 	Status change detected: running
오후 7:12:27  [Apache] 	Attempting to start Apache app...
오후 7:12:28  [Apache] 	Status change detected: running
오후 7:21:59  [mysql] 	Attempting to stop MySQL app...
오후 7:21:59  [mysql] 	Status change detected: stopped
오후 7:21:59  [Apache] 	Attempting to stop Apache (PID: 19508)
오후 7:21:59  [Apache] 	Attempting to stop Apache (PID: 16392)
오후 7:22:00  [Apache] 	Status change detected: stopped
오후 7:22:00  [main] 	Deinitializing Modules
오후 7:22:00  [main] 	Deinitializing Control Panel

오후 7:53:26  [main] 	Initializing Control Panel
오후 7:53:26  [main] 	Windows Version:  Enterprise  64-bit
오후 7:53:26  [main] 	XAMPP Version: 7.3.12
오후 7:53:26  [main] 	Control Panel Version: 3.2.4  [ Compiled: Jun 5th 2019 ]
오후 7:53:26  [main] 	You are not running with administrator rights! This will work for
오후 7:53:26  [main] 	most application stuff but whenever you do something with services
오후 7:53:26  [main] 	there will be a security dialogue or things will break! So think 
오후 7:53:26  [main] 	about running this application with administrator rights!
오후 7:53:26  [main] 	XAMPP Installation Directory: "d:\github\php_xampp\xampp\"
오후 7:53:26  [main] 	Checking for prerequisites
오후 7:53:27  [main] 	All prerequisites found
오후 7:53:27  [main] 	Initializing Modules
오후 7:53:27  [main] 	Starting Check-Timer
오후 7:53:27  [main] 	Control Panel Ready
오후 7:53:28  [Apache] 	Attempting to start Apache app...
오후 7:53:29  [Apache] 	Status change detected: running
오후 7:53:29  [mysql] 	Attempting to start MySQL app...
오후 7:53:30  [mysql] 	Status change detected: running
오후 9:58:58  [mysql] 	Attempting to stop MySQL app...
오후 9:58:59  [mysql] 	Status change detected: stopped
오후 9:58:59  [Apache] 	Attempting to stop Apache (PID: 13580)
오후 9:58:59  [Apache] 	Attempting to stop Apache (PID: 13848)
오후 9:58:59  [Apache] 	Status change detected: stopped
오후 9:59:00  [main] 	Deinitializing Modules
오후 9:59:00  [main] 	Deinitializing Control Panel

